SF:lib/core/failure.dart
DA:9,0
DA:14,0
DA:15,0
DA:17,0
DA:18,0
DA:24,0
LF:6
LH:0
end_of_record
SF:lib/core/usecase.dart
DA:10,0
DA:19,1
DA:21,0
DA:22,0
DA:24,0
LF:5
LH:1
end_of_record
SF:lib/features/post/domain/entities/post_entity.dart
DA:9,1
DA:24,0
DA:25,0
DA:27,0
LF:4
LH:1
end_of_record
SF:lib/features/post/domain/usecases/get_post_usecase.dart
DA:9,1
DA:14,1
DA:15,2
LF:3
LH:3
end_of_record
SF:lib/main.dart
DA:4,0
DA:5,0
DA:13,2
DA:15,1
DA:16,1
DA:22,1
DA:24,1
DA:25,2
DA:28,1
DA:30,1
DA:33,2
DA:34,2
DA:43,1
DA:45,1
DA:47,1
DA:48,1
LF:16
LH:14
end_of_record
SF:lib/theme/app_theme.dart
DA:17,2
DA:19,1
DA:21,3
DA:24,1
DA:25,1
DA:32,1
DA:33,1
LF:7
LH:7
end_of_record
